0 info it worked if it ends with ok
1 verbose cli [ '/usr/local/bin/node',
1 verbose cli   '/usr/local/bin/npm',
1 verbose cli   'run',
1 verbose cli   'webpack:deploy' ]
2 info using npm@3.10.3
3 info using node@v6.7.0
4 verbose run-script [ 'prewebpack:deploy', 'webpack:deploy', 'postwebpack:deploy' ]
5 info lifecycle waves@1.0.0~prewebpack:deploy: waves@1.0.0
6 silly lifecycle waves@1.0.0~prewebpack:deploy: no script for prewebpack:deploy, continuing
7 info lifecycle waves@1.0.0~webpack:deploy: waves@1.0.0
8 verbose lifecycle waves@1.0.0~webpack:deploy: unsafe-perm in lifecycle true
9 verbose lifecycle waves@1.0.0~webpack:deploy: PATH: /usr/local/lib/node_modules/npm/bin/node-gyp-bin:/Users/moinuddin/Desktop/Waves/node_modules/.bin:/usr/local/bin:/Library/Frameworks/Python.framework/Versions/3.5/bin:/Users/moinuddin/.rvm/gems/ruby-2.3.1/bin:/Users/moinuddin/.rvm/gems/ruby-2.3.1@global/bin:/Users/moinuddin/.rvm/rubies/ruby-2.3.1/bin:/usr/local/bin:/usr/local/sbin:~/bin:/Users/moinuddin/.rbenv/bin:/Users/moinuddin/.rbenv/shims:/usr/local/bin:/usr/bin:/bin:/usr/sbin:/sbin:/Users/moinuddin/.rvm/bin
10 verbose lifecycle waves@1.0.0~webpack:deploy: CWD: /Users/moinuddin/Desktop/Waves
11 silly lifecycle waves@1.0.0~webpack:deploy: Args: [ '-c', 'webpack --config=webpack/webpack.config.js -p' ]
12 silly lifecycle waves@1.0.0~webpack:deploy: Returned: code: 1  signal: null
13 info lifecycle waves@1.0.0~webpack:deploy: Failed to exec webpack:deploy script
14 verbose stack Error: waves@1.0.0 webpack:deploy: `webpack --config=webpack/webpack.config.js -p`
14 verbose stack Exit status 1
14 verbose stack     at EventEmitter.<anonymous> (/usr/local/lib/node_modules/npm/lib/utils/lifecycle.js:242:16)
14 verbose stack     at emitTwo (events.js:106:13)
14 verbose stack     at EventEmitter.emit (events.js:191:7)
14 verbose stack     at ChildProcess.<anonymous> (/usr/local/lib/node_modules/npm/lib/utils/spawn.js:40:14)
14 verbose stack     at emitTwo (events.js:106:13)
14 verbose stack     at ChildProcess.emit (events.js:191:7)
14 verbose stack     at maybeClose (internal/child_process.js:877:16)
14 verbose stack     at Process.ChildProcess._handle.onexit (internal/child_process.js:226:5)
15 verbose pkgid waves@1.0.0
16 verbose cwd /Users/moinuddin/Desktop/Waves
17 error Darwin 15.6.0
18 error argv "/usr/local/bin/node" "/usr/local/bin/npm" "run" "webpack:deploy"
19 error node v6.7.0
20 error npm  v3.10.3
21 error code ELIFECYCLE
22 error waves@1.0.0 webpack:deploy: `webpack --config=webpack/webpack.config.js -p`
22 error Exit status 1
23 error Failed at the waves@1.0.0 webpack:deploy script 'webpack --config=webpack/webpack.config.js -p'.
23 error Make sure you have the latest version of node.js and npm installed.
23 error If you do, this is most likely a problem with the waves package,
23 error not with npm itself.
23 error Tell the author that this fails on your system:
23 error     webpack --config=webpack/webpack.config.js -p
23 error You can get information on how to open an issue for this project with:
23 error     npm bugs waves
23 error Or if that isn't available, you can get their info via:
23 error     npm owner ls waves
23 error There is likely additional logging output above.
24 verbose exit [ 1, true ]
